[29May2025 00:09:13.371] [User Authenticator #1/INFO] [net.minecraft.server.network.ServerLoginPacketListenerImpl/]: UUID of player sebita_chile is 40c122fd-6f54-4afe-bb6d-4a5808376eaf
[29May2025 00:09:17.315] [Server thread/ERROR] [net.minecraft.stats.ServerRecipeBook/]: Tried to load unrecognized recipe: everycomp:q/betterend/end_lotus_vertical_slab removed now.
[29May2025 00:09:17.315] [Server thread/ERROR] [net.minecraft.stats.ServerRecipeBook/]: Tried to load unrecognized recipe: everycomp:q/atmospheric/morado_vertical_slab removed now.
[29May2025 00:09:17.316] [Server thread/ERROR] [net.minecraft.stats.ServerRecipeBook/]: Tried to load unrecognized recipe: everycomp:q/biomeswevegone/redwood_vertical_slab removed now.
[29May2025 00:09:17.316] [Server thread/ERROR] [net.minecraft.stats.ServerRecipeBook/]: Tried to load unrecognized recipe: everycomp:q/biomeswevegone/ebony_vertical_slab removed now.
[29May2025 00:09:17.317] [Server thread/ERROR] [net.minecraft.stats.ServerRecipeBook/]: Tried to load unrecognized recipe: everycomp:q/betterend/umbrella_tree_vertical_slab removed now.
[29May2025 00:09:17.317] [Server thread/ERROR] [net.minecraft.stats.ServerRecipeBook/]: Tried to load unrecognized recipe: everycomp:q/atmospheric/laurel_vertical_slab removed now.
[29May2025 00:09:17.318] [Server thread/ERROR] [net.minecraft.stats.ServerRecipeBook/]: Tried to load unrecognized recipe: everycomp:q/biomeswevegone/white_mangrove_vertical_slab removed now.
[29May2025 00:09:17.318] [Server thread/ERROR] [net.minecraft.stats.ServerRecipeBook/]: Tried to load unrecognized recipe: everycomp:q/biomeswevegone/witch_hazel_vertical_slab removed now.
[29May2025 00:09:17.319] [Server thread/ERROR] [net.minecraft.stats.ServerRecipeBook/]: Tried to load unrecognized recipe: everycomp:q/biomeswevegone/florus_vertical_slab removed now.
[29May2025 00:09:17.319] [Server thread/ERROR] [net.minecraft.stats.ServerRecipeBook/]: Tried to load unrecognized recipe: everycomp:q/atmospheric/grimwood_vertical_slab removed now.
[29May2025 00:09:17.319] [Server thread/ERROR] [net.minecraft.stats.ServerRecipeBook/]: Tried to load unrecognized recipe: everycomp:q/betterend/lacugrove_vertical_slab removed now.
[29May2025 00:09:17.320] [Server thread/ERROR] [net.minecraft.stats.ServerRecipeBook/]: Tried to load unrecognized recipe: everycomp:q/environmental/plum_vertical_slab removed now.
[29May2025 00:09:17.320] [Server thread/ERROR] [net.minecraft.stats.ServerRecipeBook/]: Tried to load unrecognized recipe: everycomp:q/cataclysm/chorus_vertical_slab removed now.
[29May2025 00:09:17.321] [Server thread/ERROR] [net.minecraft.stats.ServerRecipeBook/]: Tried to load unrecognized recipe: everycomp:q/biomeswevegone/holly_vertical_slab removed now.
[29May2025 00:09:17.322] [Server thread/ERROR] [net.minecraft.stats.ServerRecipeBook/]: Tried to load unrecognized recipe: everycomp:q/atmospheric/kousa_vertical_slab removed now.
[29May2025 00:09:17.323] [Server thread/ERROR] [net.minecraft.stats.ServerRecipeBook/]: Tried to load unrecognized recipe: everycomp:q/biomeswevegone/green_enchanted_vertical_slab removed now.
[29May2025 00:09:17.323] [Server thread/ERROR] [net.minecraft.stats.ServerRecipeBook/]: Tried to load unrecognized recipe: everycomp:q/biomeswevegone/rainbow_eucalyptus_vertical_slab removed now.
[29May2025 00:09:17.323] [Server thread/ERROR] [net.minecraft.stats.ServerRecipeBook/]: Tried to load unrecognized recipe: everycomp:q/betterend/helix_tree_vertical_slab removed now.
[29May2025 00:09:17.324] [Server thread/ERROR] [net.minecraft.stats.ServerRecipeBook/]: Tried to load unrecognized recipe: everycomp:q/betterend/dragon_tree_vertical_slab removed now.
[29May2025 00:09:17.324] [Server thread/ERROR] [net.minecraft.stats.ServerRecipeBook/]: Tried to load unrecognized recipe: everycomp:q/environmental/willow_vertical_slab removed now.
[29May2025 00:09:17.324] [Server thread/ERROR] [net.minecraft.stats.ServerRecipeBook/]: Tried to load unrecognized recipe: everycomp:q/caverns_and_chasms/azalea_vertical_slab removed now.
[29May2025 00:09:17.325] [Server thread/ERROR] [net.minecraft.stats.ServerRecipeBook/]: Tried to load unrecognized recipe: everycomp:q/createdieselgenerators/chip_wood_vertical_slab removed now.
[29May2025 00:09:17.326] [Server thread/ERROR] [net.minecraft.stats.ServerRecipeBook/]: Tried to load unrecognized recipe: everycomp:q/betterend/pythadendron_vertical_slab removed now.
[29May2025 00:09:17.326] [Server thread/ERROR] [net.minecraft.stats.ServerRecipeBook/]: Tried to load unrecognized recipe: everycomp:q/environmental/pine_vertical_slab removed now.
[29May2025 00:09:17.327] [Server thread/ERROR] [net.minecraft.stats.ServerRecipeBook/]: Tried to load unrecognized recipe: everycomp:q/biomeswevegone/pine_vertical_slab removed now.
[29May2025 00:09:17.328] [Server thread/ERROR] [net.minecraft.stats.ServerRecipeBook/]: Tried to load unrecognized recipe: everycomp:q/garnished/nut_vertical_slab removed now.
[29May2025 00:09:17.328] [Server thread/ERROR] [net.minecraft.stats.ServerRecipeBook/]: Tried to load unrecognized recipe: everycomp:q/biomeswevegone/baobab_vertical_slab removed now.
[29May2025 00:09:17.328] [Server thread/ERROR] [net.minecraft.stats.ServerRecipeBook/]: Tried to load unrecognized recipe: everycomp:q/biomeswevegone/mahogany_vertical_slab removed now.
[29May2025 00:09:17.329] [Server thread/ERROR] [net.minecraft.stats.ServerRecipeBook/]: Tried to load unrecognized recipe: everycomp:q/environmental/wisteria_vertical_slab removed now.
[29May2025 00:09:17.330] [Server thread/ERROR] [net.minecraft.stats.ServerRecipeBook/]: Tried to load unrecognized recipe: everycomp:q/betterend/jellyshroom_vertical_slab removed now.
[29May2025 00:09:17.330] [Server thread/ERROR] [net.minecraft.stats.ServerRecipeBook/]: Tried to load unrecognized recipe: everycomp:q/betterend/lucernia_vertical_slab removed now.
[29May2025 00:09:17.331] [Server thread/ERROR] [net.minecraft.stats.ServerRecipeBook/]: Tried to load unrecognized recipe: everycomp:q/biomeswevegone/palm_vertical_slab removed now.
[29May2025 00:09:17.331] [Server thread/ERROR] [net.minecraft.stats.ServerRecipeBook/]: Tried to load unrecognized recipe: everycomp:q/upgrade_aquatic/driftwood_vertical_slab removed now.
[29May2025 00:09:17.331] [Server thread/ERROR] [net.minecraft.stats.ServerRecipeBook/]: Tried to load unrecognized recipe: everycomp:q/biomeswevegone/cypress_vertical_slab removed now.
[29May2025 00:09:17.331] [Server thread/ERROR] [net.minecraft.stats.ServerRecipeBook/]: Tried to load unrecognized recipe: everycomp:q/biomeswevegone/sakura_vertical_slab removed now.
[29May2025 00:09:17.333] [Server thread/ERROR] [net.minecraft.stats.ServerRecipeBook/]: Tried to load unrecognized recipe: everycomp:q/atmospheric/rosewood_vertical_slab removed now.
[29May2025 00:09:17.333] [Server thread/ERROR] [net.minecraft.stats.ServerRecipeBook/]: Tried to load unrecognized recipe: everycomp:q/biomeswevegone/maple_vertical_slab removed now.
[29May2025 00:09:17.334] [Server thread/ERROR] [net.minecraft.stats.ServerRecipeBook/]: Tried to load unrecognized recipe: everycomp:q/biomeswevegone/zelkova_vertical_slab removed now.
[29May2025 00:09:17.334] [Server thread/ERROR] [net.minecraft.stats.ServerRecipeBook/]: Tried to load unrecognized recipe: everycomp:q/biomeswevegone/skyris_vertical_slab removed now.
[29May2025 00:09:17.336] [Server thread/ERROR] [net.minecraft.stats.ServerRecipeBook/]: Tried to load unrecognized recipe: everycomp:q/betterend/tenanea_vertical_slab removed now.
[29May2025 00:09:17.337] [Server thread/ERROR] [net.minecraft.stats.ServerRecipeBook/]: Tried to load unrecognized recipe: everycomp:q/garnished/sepia_vertical_slab removed now.
[29May2025 00:09:17.337] [Server thread/ERROR] [net.minecraft.stats.ServerRecipeBook/]: Tried to load unrecognized recipe: everycomp:q/atmospheric/yucca_vertical_slab removed now.
[29May2025 00:09:17.338] [Server thread/ERROR] [net.minecraft.stats.ServerRecipeBook/]: Tried to load unrecognized recipe: everycomp:q/biomeswevegone/fir_vertical_slab removed now.
[29May2025 00:09:17.338] [Server thread/ERROR] [net.minecraft.stats.ServerRecipeBook/]: Tried to load unrecognized recipe: everycomp:q/biomeswevegone/ironwood_vertical_slab removed now.
[29May2025 00:09:17.339] [Server thread/ERROR] [net.minecraft.stats.ServerRecipeBook/]: Tried to load unrecognized recipe: everycomp:q/biomeswevegone/blue_enchanted_vertical_slab removed now.
[29May2025 00:09:17.339] [Server thread/ERROR] [net.minecraft.stats.ServerRecipeBook/]: Tried to load unrecognized recipe: everycomp:q/upgrade_aquatic/river_vertical_slab removed now.
[29May2025 00:09:17.339] [Server thread/ERROR] [net.minecraft.stats.ServerRecipeBook/]: Tried to load unrecognized recipe: everycomp:q/biomeswevegone/cika_vertical_slab removed now.
[29May2025 00:09:17.339] [Server thread/ERROR] [net.minecraft.stats.ServerRecipeBook/]: Tried to load unrecognized recipe: everycomp:q/betterend/mossy_glowshroom_vertical_slab removed now.
[29May2025 00:09:17.340] [Server thread/ERROR] [net.minecraft.stats.ServerRecipeBook/]: Tried to load unrecognized recipe: everycomp:q/autumnity/maple_vertical_slab removed now.
[29May2025 00:09:17.340] [Server thread/ERROR] [net.minecraft.stats.ServerRecipeBook/]: Tried to load unrecognized recipe: everycomp:q/biomeswevegone/jacaranda_vertical_slab removed now.
[29May2025 00:09:17.340] [Server thread/ERROR] [net.minecraft.stats.ServerRecipeBook/]: Tried to load unrecognized recipe: everycomp:q/biomeswevegone/aspen_vertical_slab removed now.
[29May2025 00:09:17.341] [Server thread/ERROR] [net.minecraft.stats.ServerRecipeBook/]: Tried to load unrecognized recipe: everycomp:q/biomeswevegone/willow_vertical_slab removed now.
[29May2025 00:09:17.341] [Server thread/ERROR] [net.minecraft.stats.ServerRecipeBook/]: Tried to load unrecognized recipe: everycomp:q/atmospheric/aspen_vertical_slab removed now.
[29May2025 00:09:17.343] [Server thread/ERROR] [net.minecraft.stats.ServerRecipeBook/]: Tried to load unrecognized recipe: everycomp:q/betterend/end_lotus_vertical_slab removed now.
[29May2025 00:09:17.343] [Server thread/ERROR] [net.minecraft.stats.ServerRecipeBook/]: Tried to load unrecognized recipe: everycomp:q/atmospheric/morado_vertical_slab removed now.
[29May2025 00:09:17.344] [Server thread/ERROR] [net.minecraft.stats.ServerRecipeBook/]: Tried to load unrecognized recipe: everycomp:q/biomeswevegone/redwood_vertical_slab removed now.
[29May2025 00:09:17.344] [Server thread/ERROR] [net.minecraft.stats.ServerRecipeBook/]: Tried to load unrecognized recipe: everycomp:q/biomeswevegone/ebony_vertical_slab removed now.
[29May2025 00:09:17.346] [Server thread/ERROR] [net.minecraft.stats.ServerRecipeBook/]: Tried to load unrecognized recipe: everycomp:q/betterend/umbrella_tree_vertical_slab removed now.
[29May2025 00:09:17.347] [Server thread/ERROR] [net.minecraft.stats.ServerRecipeBook/]: Tried to load unrecognized recipe: everycomp:q/atmospheric/laurel_vertical_slab removed now.
[29May2025 00:09:17.348] [Server thread/ERROR] [net.minecraft.stats.ServerRecipeBook/]: Tried to load unrecognized recipe: everycomp:q/biomeswevegone/white_mangrove_vertical_slab removed now.
[29May2025 00:09:17.349] [Server thread/ERROR] [net.minecraft.stats.ServerRecipeBook/]: Tried to load unrecognized recipe: everycomp:q/biomeswevegone/witch_hazel_vertical_slab removed now.
[29May2025 00:09:17.349] [Server thread/ERROR] [net.minecraft.stats.ServerRecipeBook/]: Tried to load unrecognized recipe: everycomp:q/biomeswevegone/florus_vertical_slab removed now.
[29May2025 00:09:17.350] [Server thread/ERROR] [net.minecraft.stats.ServerRecipeBook/]: Tried to load unrecognized recipe: everycomp:q/atmospheric/grimwood_vertical_slab removed now.
[29May2025 00:09:17.350] [Server thread/ERROR] [net.minecraft.stats.ServerRecipeBook/]: Tried to load unrecognized recipe: everycomp:q/betterend/lacugrove_vertical_slab removed now.
[29May2025 00:09:17.351] [Server thread/ERROR] [net.minecraft.stats.ServerRecipeBook/]: Tried to load unrecognized recipe: everycomp:q/environmental/plum_vertical_slab removed now.
[29May2025 00:09:17.352] [Server thread/ERROR] [net.minecraft.stats.ServerRecipeBook/]: Tried to load unrecognized recipe: everycomp:q/cataclysm/chorus_vertical_slab removed now.
[29May2025 00:09:17.353] [Server thread/ERROR] [net.minecraft.stats.ServerRecipeBook/]: Tried to load unrecognized recipe: everycomp:q/biomeswevegone/holly_vertical_slab removed now.
[29May2025 00:09:17.354] [Server thread/ERROR] [net.minecraft.stats.ServerRecipeBook/]: Tried to load unrecognized recipe: everycomp:q/atmospheric/kousa_vertical_slab removed now.
[29May2025 00:09:17.355] [Server thread/ERROR] [net.minecraft.stats.ServerRecipeBook/]: Tried to load unrecognized recipe: everycomp:q/biomeswevegone/green_enchanted_vertical_slab removed now.
[29May2025 00:09:17.356] [Server thread/ERROR] [net.minecraft.stats.ServerRecipeBook/]: Tried to load unrecognized recipe: everycomp:q/biomeswevegone/rainbow_eucalyptus_vertical_slab removed now.
[29May2025 00:09:17.356] [Server thread/ERROR] [net.minecraft.stats.ServerRecipeBook/]: Tried to load unrecognized recipe: everycomp:q/betterend/helix_tree_vertical_slab removed now.
[29May2025 00:09:17.357] [Server thread/ERROR] [net.minecraft.stats.ServerRecipeBook/]: Tried to load unrecognized recipe: everycomp:q/betterend/dragon_tree_vertical_slab removed now.
[29May2025 00:09:17.357] [Server thread/ERROR] [net.minecraft.stats.ServerRecipeBook/]: Tried to load unrecognized recipe: everycomp:q/environmental/willow_vertical_slab removed now.
[29May2025 00:09:17.358] [Server thread/ERROR] [net.minecraft.stats.ServerRecipeBook/]: Tried to load unrecognized recipe: everycomp:q/caverns_and_chasms/azalea_vertical_slab removed now.
[29May2025 00:09:17.359] [Server thread/ERROR] [net.minecraft.stats.ServerRecipeBook/]: Tried to load unrecognized recipe: everycomp:q/createdieselgenerators/chip_wood_vertical_slab removed now.
[29May2025 00:09:17.360] [Server thread/ERROR] [net.minecraft.stats.ServerRecipeBook/]: Tried to load unrecognized recipe: everycomp:q/betterend/pythadendron_vertical_slab removed now.
[29May2025 00:09:17.360] [Server thread/ERROR] [net.minecraft.stats.ServerRecipeBook/]: Tried to load unrecognized recipe: everycomp:q/environmental/pine_vertical_slab removed now.
[29May2025 00:09:17.361] [Server thread/ERROR] [net.minecraft.stats.ServerRecipeBook/]: Tried to load unrecognized recipe: everycomp:q/biomeswevegone/pine_vertical_slab removed now.
[29May2025 00:09:17.362] [Server thread/ERROR] [net.minecraft.stats.ServerRecipeBook/]: Tried to load unrecognized recipe: everycomp:q/garnished/nut_vertical_slab removed now.
[29May2025 00:09:17.363] [Server thread/ERROR] [net.minecraft.stats.ServerRecipeBook/]: Tried to load unrecognized recipe: everycomp:q/biomeswevegone/baobab_vertical_slab removed now.
[29May2025 00:09:17.363] [Server thread/ERROR] [net.minecraft.stats.ServerRecipeBook/]: Tried to load unrecognized recipe: everycomp:q/biomeswevegone/mahogany_vertical_slab removed now.
[29May2025 00:09:17.364] [Server thread/ERROR] [net.minecraft.stats.ServerRecipeBook/]: Tried to load unrecognized recipe: everycomp:q/environmental/wisteria_vertical_slab removed now.
[29May2025 00:09:17.364] [Server thread/ERROR] [net.minecraft.stats.ServerRecipeBook/]: Tried to load unrecognized recipe: everycomp:q/betterend/jellyshroom_vertical_slab removed now.
[29May2025 00:09:17.365] [Server thread/ERROR] [net.minecraft.stats.ServerRecipeBook/]: Tried to load unrecognized recipe: everycomp:q/betterend/lucernia_vertical_slab removed now.
[29May2025 00:09:17.365] [Server thread/ERROR] [net.minecraft.stats.ServerRecipeBook/]: Tried to load unrecognized recipe: everycomp:q/biomeswevegone/palm_vertical_slab removed now.
[29May2025 00:09:17.366] [Server thread/ERROR] [net.minecraft.stats.ServerRecipeBook/]: Tried to load unrecognized recipe: everycomp:q/upgrade_aquatic/driftwood_vertical_slab removed now.
[29May2025 00:09:17.366] [Server thread/ERROR] [net.minecraft.stats.ServerRecipeBook/]: Tried to load unrecognized recipe: everycomp:q/biomeswevegone/cypress_vertical_slab removed now.
[29May2025 00:09:17.366] [Server thread/ERROR] [net.minecraft.stats.ServerRecipeBook/]: Tried to load unrecognized recipe: everycomp:q/biomeswevegone/sakura_vertical_slab removed now.
[29May2025 00:09:17.367] [Server thread/ERROR] [net.minecraft.stats.ServerRecipeBook/]: Tried to load unrecognized recipe: everycomp:q/atmospheric/rosewood_vertical_slab removed now.
[29May2025 00:09:17.367] [Server thread/ERROR] [net.minecraft.stats.ServerRecipeBook/]: Tried to load unrecognized recipe: everycomp:q/biomeswevegone/maple_vertical_slab removed now.
[29May2025 00:09:17.367] [Server thread/ERROR] [net.minecraft.stats.ServerRecipeBook/]: Tried to load unrecognized recipe: everycomp:q/biomeswevegone/zelkova_vertical_slab removed now.
[29May2025 00:09:17.368] [Server thread/ERROR] [net.minecraft.stats.ServerRecipeBook/]: Tried to load unrecognized recipe: everycomp:q/biomeswevegone/skyris_vertical_slab removed now.
[29May2025 00:09:17.369] [Server thread/ERROR] [net.minecraft.stats.ServerRecipeBook/]: Tried to load unrecognized recipe: everycomp:q/betterend/tenanea_vertical_slab removed now.
[29May2025 00:09:17.369] [Server thread/ERROR] [net.minecraft.stats.ServerRecipeBook/]: Tried to load unrecognized recipe: everycomp:q/garnished/sepia_vertical_slab removed now.
[29May2025 00:09:17.370] [Server thread/ERROR] [net.minecraft.stats.ServerRecipeBook/]: Tried to load unrecognized recipe: everycomp:q/atmospheric/yucca_vertical_slab removed now.
[29May2025 00:09:17.370] [Server thread/ERROR] [net.minecraft.stats.ServerRecipeBook/]: Tried to load unrecognized recipe: everycomp:q/biomeswevegone/fir_vertical_slab removed now.
[29May2025 00:09:17.370] [Server thread/ERROR] [net.minecraft.stats.ServerRecipeBook/]: Tried to load unrecognized recipe: everycomp:q/biomeswevegone/ironwood_vertical_slab removed now.
[29May2025 00:09:17.371] [Server thread/ERROR] [net.minecraft.stats.ServerRecipeBook/]: Tried to load unrecognized recipe: everycomp:q/biomeswevegone/blue_enchanted_vertical_slab removed now.
[29May2025 00:09:17.371] [Server thread/ERROR] [net.minecraft.stats.ServerRecipeBook/]: Tried to load unrecognized recipe: everycomp:q/upgrade_aquatic/river_vertical_slab removed now.
[29May2025 00:09:17.371] [Server thread/ERROR] [net.minecraft.stats.ServerRecipeBook/]: Tried to load unrecognized recipe: everycomp:q/biomeswevegone/cika_vertical_slab removed now.
[29May2025 00:09:17.371] [Server thread/ERROR] [net.minecraft.stats.ServerRecipeBook/]: Tried to load unrecognized recipe: everycomp:q/betterend/mossy_glowshroom_vertical_slab removed now.
[29May2025 00:09:17.372] [Server thread/ERROR] [net.minecraft.stats.ServerRecipeBook/]: Tried to load unrecognized recipe: everycomp:q/autumnity/maple_vertical_slab removed now.
[29May2025 00:09:17.372] [Server thread/ERROR] [net.minecraft.stats.ServerRecipeBook/]: Tried to load unrecognized recipe: everycomp:q/biomeswevegone/jacaranda_vertical_slab removed now.
[29May2025 00:09:17.372] [Server thread/ERROR] [net.minecraft.stats.ServerRecipeBook/]: Tried to load unrecognized recipe: everycomp:q/biomeswevegone/aspen_vertical_slab removed now.
[29May2025 00:09:17.372] [Server thread/ERROR] [net.minecraft.stats.ServerRecipeBook/]: Tried to load unrecognized recipe: everycomp:q/biomeswevegone/willow_vertical_slab removed now.
[29May2025 00:09:17.373] [Server thread/ERROR] [net.minecraft.stats.ServerRecipeBook/]: Tried to load unrecognized recipe: everycomp:q/atmospheric/aspen_vertical_slab removed now.
[29May2025 00:09:17.374] [Server thread/INFO] [net.minecraft.server.players.PlayerList/]: sebita_chile[/127.183.209.125:54179] logged in with entity id 52 at (631.1046188035057, 68.0, 781.5)
[29May2025 00:09:17.695] [Server thread/INFO] [net.minecraft.server.MinecraftServer/]: sebita_chile joined the game
[29May2025 00:09:17.818] [Server thread/INFO] [xaero.pac.OpenPartiesAndClaims/]: Updating all forceload tickets for 40c122fd-6f54-4afe-bb6d-4a5808376eaf
[29May2025 00:09:17.903] [Server thread/INFO] [Jade/]: Syncing config to sebita_chile (40c122fd-6f54-4afe-bb6d-4a5808376eaf)
[29May2025 00:09:30.943] [Server thread/INFO] [org.betterx.worlds.together.util.Logger/]: [bclib] Received Hello from Client. (server=3.0.14, client=3.0.14)
[29May2025 00:09:30.944] [Server thread/INFO] [org.betterx.worlds.together.util.Logger/]: [bclib] Sending Hello to Client. (server=3.0.14)
[29May2025 00:09:30.949] [Server thread/INFO] [org.betterx.worlds.together.util.Logger/]: [bclib] 	- Listing Mod bclib v3.0.14 (size: 2.2 MiB, download=true)
[29May2025 00:09:30.954] [Server thread/INFO] [org.betterx.worlds.together.util.Logger/]: [bclib] 	- Offering Config bclib.CONFIG_betterend.entities
[29May2025 00:09:30.955] [Server thread/INFO] [org.betterx.worlds.together.util.Logger/]: [bclib] 	- Offering Config bclib.CONFIG_betterend.blocks
[29May2025 00:09:30.956] [Server thread/INFO] [org.betterx.worlds.together.util.Logger/]: [bclib] 	- Offering Config bclib.CONFIG_betterend.items
[29May2025 00:09:30.957] [Server thread/INFO] [org.betterx.worlds.together.util.Logger/]: [bclib] 	- Offering Config bclib.CONFIG_betterend.enchantments
[29May2025 00:09:30.957] [Server thread/INFO] [org.betterx.worlds.together.util.Logger/]: [bclib] 	- Offering Config bclib.CONFIG_bclib.generator
[29May2025 00:09:30.958] [Server thread/INFO] [org.betterx.worlds.together.util.Logger/]: [bclib] 	- Offering Config bclib.CONFIG_bclib.main
[29May2025 00:09:30.959] [Server thread/INFO] [org.betterx.worlds.together.util.Logger/]: [bclib] 	- Offering Config bclib.CONFIG_bclib.biomes
[29May2025 00:09:30.960] [Server thread/INFO] [org.betterx.worlds.together.util.Logger/]: [bclib] 	- Offering Folder /workspaces/aslgff/servidor_minecraft/bclib-sync (allowDelete=true)
[29May2025 00:09:31.007] [Server thread/WARN] [net.minecraft.server.MinecraftServer/]: Can't keep up! Is the server overloaded? Running 13703ms or 274 ticks behind
